<?xml version="1.0" encoding="UTF-8"?>
<!-- Generated by org.testng.reporters.JUnitReportReporter -->
<testsuite hostname="HP" failures="0" tests="4" name="com.IdentifyCourse.LanguageLearningTestCase" time="50.141" errors="0" timestamp="15 Jul 2021 19:02:44 GMT">
  <testcase classname="com.IdentifyCourse.LanguageLearningTestCase" name="selectLevel2" time="0.868"/>
  <testcase classname="com.IdentifyCourse.LanguageLearningTestCase" name="selectLanguage2" time="27.115"/>
  <testcase classname="com.IdentifyCourse.LanguageLearningTestCase" name="openWebSite" time="11.170"/>
  <testcase classname="com.IdentifyCourse.LanguageLearningTestCase" name="secondCourse" time="10.988"/>
</testsuite> <!-- com.IdentifyCourse.LanguageLearningTestCase -->
