<?xml version="1.0" encoding="UTF-8"?>
<!-- Generated by org.testng.reporters.JUnitReportReporter -->
<testsuite hostname="HP" failures="0" tests="4" name="com.IdentifyCourse.LanguageLearningTestCase" time="209.827" errors="0" timestamp="19 Jul 2021 05:43:06 GMT">
  <testcase classname="com.IdentifyCourse.LanguageLearningTestCase" name="secondCourse" time="51.445"/>
  <testcase classname="com.IdentifyCourse.LanguageLearningTestCase" name="selectLanguage2" time="118.817"/>
  <testcase classname="com.IdentifyCourse.LanguageLearningTestCase" name="openWebSite" time="37.961"/>
  <testcase classname="com.IdentifyCourse.LanguageLearningTestCase" name="selectLevel2" time="1.604"/>
</testsuite> <!-- com.IdentifyCourse.LanguageLearningTestCase -->
