<?xml version="1.0" encoding="UTF-8"?>
<!-- Generated by org.testng.reporters.JUnitReportReporter -->
<testsuite hostname="HP" failures="0" tests="4" name="com.IdentifyCourse.LanguageLearningTestCase" time="40.029" errors="0" timestamp="18 Jul 2021 08:55:21 GMT">
  <testcase classname="com.IdentifyCourse.LanguageLearningTestCase" name="selectLanguage2" time="24.857"/>
  <testcase classname="com.IdentifyCourse.LanguageLearningTestCase" name="openWebSite" time="6.805"/>
  <testcase classname="com.IdentifyCourse.LanguageLearningTestCase" name="selectLevel2" time="0.876"/>
  <testcase classname="com.IdentifyCourse.LanguageLearningTestCase" name="secondCourse" time="7.491"/>
</testsuite> <!-- com.IdentifyCourse.LanguageLearningTestCase -->
