<?xml version="1.0" encoding="UTF-8"?>
<!-- Generated by org.testng.reporters.JUnitReportReporter -->
<testsuite hostname="HP" failures="0" tests="1" name="com.IdentifyCourse.LanguageLearningTestCase" time="92.649" errors="0" timestamp="15 Jul 2021 05:43:57 GMT">
  <testcase classname="com.IdentifyCourse.LanguageLearningTestCase" name="openMyBlog" time="92.649"/>
</testsuite> <!-- com.IdentifyCourse.LanguageLearningTestCase -->
