<?xml version="1.0" encoding="UTF-8"?>
<!-- Generated by org.testng.reporters.JUnitReportReporter -->
<testsuite hostname="HP" failures="0" tests="2" name="com.IdentifyCourse.IdentifyCourseTestCase" time="76.188" errors="0" timestamp="18 Jul 2021 08:55:21 GMT">
  <testcase classname="com.IdentifyCourse.IdentifyCourseTestCase" name="execution" time="69.485"/>
  <testcase classname="com.IdentifyCourse.IdentifyCourseTestCase" name="openWebSite" time="6.703"/>
</testsuite> <!-- com.IdentifyCourse.IdentifyCourseTestCase -->
