<?xml version="1.0" encoding="UTF-8"?>
<!-- Generated by org.testng.reporters.JUnitReportReporter -->
<testsuite hostname="HP" name="com.IdentifyCourse.IdentifyCourseTestCase" tests="2" failures="0" timestamp="18 Jul 2021 09:36:23 GMT" time="104.871" errors="0">
  <testcase name="execution" time="90.619" classname="com.IdentifyCourse.IdentifyCourseTestCase"/>
  <testcase name="openWebSite" time="14.252" classname="com.IdentifyCourse.IdentifyCourseTestCase"/>
</testsuite> <!-- com.IdentifyCourse.IdentifyCourseTestCase -->
