<?xml version="1.0" encoding="UTF-8"?>
<!-- Generated by org.testng.reporters.JUnitReportReporter -->
<testsuite hostname="HP" failures="0" tests="4" name="com.IdentifyCourse.LanguageLearningTestCase" time="59.657" errors="0" timestamp="15 Jul 2021 19:08:09 GMT">
  <testcase classname="com.IdentifyCourse.LanguageLearningTestCase" name="openWebSite" time="8.326"/>
  <testcase classname="com.IdentifyCourse.LanguageLearningTestCase" name="secondCourse" time="23.058"/>
  <testcase classname="com.IdentifyCourse.LanguageLearningTestCase" name="selectLanguage2" time="26.999"/>
  <testcase classname="com.IdentifyCourse.LanguageLearningTestCase" name="selectLevel2" time="1.274"/>
</testsuite> <!-- com.IdentifyCourse.LanguageLearningTestCase -->
