<?xml version="1.0" encoding="UTF-8"?>
<!-- Generated by org.testng.reporters.JUnitReportReporter -->
<testsuite hostname="HP" name="com.IdentifyCourse.LanguageLearningTestCase" tests="1" failures="0" timestamp="15 Jul 2021 07:23:59 GMT" time="109.101" errors="0">
  <testcase name="openMyBlog" time="109.101" classname="com.IdentifyCourse.LanguageLearningTestCase"/>
</testsuite> <!-- com.IdentifyCourse.LanguageLearningTestCase -->
