<?xml version="1.0" encoding="UTF-8"?>
<!-- Generated by org.testng.reporters.JUnitReportReporter -->
<testsuite hostname="HP" name="com.IdentifyCourse.LanguageLearningTestCase" tests="4" failures="0" timestamp="18 Jul 2021 09:36:23 GMT" time="61.444" errors="0">
  <testcase name="selectLevel2" time="1.094" classname="com.IdentifyCourse.LanguageLearningTestCase"/>
  <testcase name="secondCourse" time="13.968" classname="com.IdentifyCourse.LanguageLearningTestCase"/>
  <testcase name="openWebSite" time="11.658" classname="com.IdentifyCourse.LanguageLearningTestCase"/>
  <testcase name="selectLanguage2" time="34.724" classname="com.IdentifyCourse.LanguageLearningTestCase"/>
</testsuite> <!-- com.IdentifyCourse.LanguageLearningTestCase -->
