<?xml version="1.0" encoding="UTF-8"?>
<!-- Generated by org.testng.reporters.JUnitReportReporter -->
<testsuite hostname="HP" name="com.IdentifyCourse.FormFillingTestCase" tests="3" failures="0" timestamp="18 Jul 2021 09:36:23 GMT" time="61.900" errors="0">
  <testcase name="openWebSite" time="12.028" classname="com.IdentifyCourse.FormFillingTestCase"/>
  <testcase name="enterprise" time="42.118" classname="com.IdentifyCourse.FormFillingTestCase"/>
  <testcase name="formfilling" time="7.754" classname="com.IdentifyCourse.FormFillingTestCase"/>
</testsuite> <!-- com.IdentifyCourse.FormFillingTestCase -->
